<?xml version="1.0" encoding="UTF-8"?>
<!-- Generated by org.testng.reporters.JUnitReportReporter -->
<testsuite hostname="DESKTOP-52MF2DD" failures="0" tests="17" name="runner.TestRunner" time="76.009" errors="0" timestamp="2025-03-18T15:13:05 IST" skipped="0">
  <testcase classname="runner.TestRunner" name="runScenario" time="11.450"/>
  <system-out/>
  <testcase classname="runner.TestRunner" name="runScenario" time="2.031"/>
  <system-out/>
  <testcase classname="runner.TestRunner" name="runScenario" time="9.277"/>
  <system-out/>
  <testcase classname="runner.TestRunner" name="runScenario" time="2.453"/>
  <system-out/>
  <testcase classname="runner.TestRunner" name="runScenario" time="14.488"/>
  <system-out/>
  <testcase classname="runner.TestRunner" name="runScenario" time="12.204"/>
  <system-out/>
  <testcase classname="runner.TestRunner" name="runScenario" time="1.860"/>
  <system-out/>
  <testcase classname="runner.TestRunner" name="runScenario" time="3.190"/>
  <system-out/>
  <testcase classname="runner.TestRunner" name="runScenario" time="1.712"/>
  <system-out/>
  <testcase classname="runner.TestRunner" name="runScenario" time="1.354"/>
  <system-out/>
  <testcase classname="runner.TestRunner" name="runScenario" time="1.776"/>
  <system-out/>
  <testcase classname="runner.TestRunner" name="runScenario" time="5.639"/>
  <system-out/>
  <testcase classname="runner.TestRunner" name="runScenario" time="1.970"/>
  <system-out/>
  <testcase classname="runner.TestRunner" name="runScenario" time="1.219"/>
  <system-out/>
  <testcase classname="runner.TestRunner" name="runScenario" time="1.502"/>
  <system-out/>
  <testcase classname="runner.TestRunner" name="runScenario" time="2.126"/>
  <system-out/>
  <testcase classname="runner.TestRunner" name="runScenario" time="1.758"/>
  <system-out/>
</testsuite> <!-- runner.TestRunner -->
